====START OF HERA REGRESSION TESTING LOG====

UFSWM hash used in testing:
88c20ec972ca5f7f6e2dcd25ec416cde6202bda9

Submodule hashes used in testing:
 37cbb7d6840ae7515a9a8f0dfd4d89461b3396d1 AQM (v0.2.0-37-g37cbb7d)
 2eccb9f74ebd8dfc09b53d15f5a96c847b77c443 CDEPS-interface/CDEPS (cdeps0.4.17-310-g2eccb9f)
 ff7fd76118d47ccef6cb934b834161c6be5a9909 CICE-interface/CICE (CICE6.0.0-392-gff7fd76)
 b5d1cc189fced4abcb13fc70ed2febb2aef61757 CMEPS-interface/CMEPS (cmeps_v0.4.1-2313-gb5d1cc1)
 cabd7753ae17f7bfcc6dad56daf10868aa51c3f4 CMakeModules (v1.0.0-28-gcabd775)
 96e33f440b39413146deff1b889725d89346f8cd FV3 (heads/develop-SRW3.0)
 041422934cae1570f2f0e67239d5d89f11c6e1b7 GOCART (sdr_v2.1.2.6-119-g0414229)
 bcf7777bb037ae2feb2a8a8ac51aacb3511b52d9 HYCOM-interface/HYCOM (2.3.00-122-gbcf7777)
 c4d2337d8607ec994b3cd61179eb974e0a237841 LM4-driver (baseline_change_240904-6-gc4d2337)
 6fff0955a123c1dea8d70f31271e13d320ff8552 MOM6-interface/MOM6 (dev/master/repository_split_2014.10.10-10366-g6fff0955a)
 025043d1ad662fca05f29f88ddd88ddf46c81882 NOAHMP-interface/noahmp (v3.7.1-444-g025043d)
 af14207b0b2395a2b4e1e01cdbce51973026228f WW3 (6.07.1-352-gaf14207b)
 05cad173feeb598431e3ef5f17c2df6562c8d101 fire_behavior (v0.2.0-1-g05cad17)
 fad2fe9f42f6b7f744b128b4a2a9433f91e4296f stochastic_physics (ufs-v2.0.0-219-gfad2fe9)


NOTES:
[Times](Memory) are at the end of each compile/test in format [MM:SS](Size).
The first time is for the full script (prep+run+finalize).
The second time is specifically for the run phase.
Times/Memory will be empty for failed tests.

BASELINE DIRECTORY: /scratch2/NAGAPE/epic/UFS-WM_RT/NEMSfv3gfs/develop-20250107
COMPARISON DIRECTORY: /scratch2/BMC/acomp/Haiqin.Li/stmp4/Haiqin.Li/FV3_RT/rt_911159

RT.SH OPTIONS USED:
* (-a) - HPC PROJECT ACCOUNT: acomp
* (-l) - USE CONFIG FILE: rt.conf
* (-k) - KEEP RUN DIRECTORY
* (-e) - USE ECFLOW

PASS -- COMPILE 's2swa_32bit_intel' [15:12, 12:55] ( 1 warnings 9 remarks )
PASS -- TEST 'cpld_control_p8_mixedmode_intel' [11:20, 07:49](3300 MB)

PASS -- COMPILE 's2swa_32bit_pdlib_intel' [18:13, 16:16] ( 1 warnings 9 remarks )
PASS -- TEST 'cpld_control_gfsv17_intel' [22:16, 19:51](1960 MB)
PASS -- TEST 'cpld_control_gfsv17_iau_intel' [23:37, 20:45](2162 MB)
PASS -- TEST 'cpld_restart_gfsv17_intel' [11:37, 08:14](1283 MB)
PASS -- TEST 'cpld_mpi_gfsv17_intel' [26:16, 23:37](1879 MB)

PASS -- COMPILE 's2swa_32bit_pdlib_sfs_intel' [18:13, 15:49] ( 1 warnings 9 remarks )
PASS -- TEST 'cpld_control_sfs_intel' [21:54, 19:31](1975 MB)

PASS -- COMPILE 's2swa_32bit_pdlib_debug_intel' [08:12, 05:58] ( 1523 warnings 1941 remarks )
PASS -- TEST 'cpld_debug_gfsv17_intel' [27:08, 25:04](1940 MB)

PASS -- COMPILE 's2swa_intel' [14:12, 13:06] ( 1 warnings 9 remarks )
PASS -- TEST 'cpld_control_p8_intel' [14:46, 09:30](3369 MB)
PASS -- TEST 'cpld_control_p8.v2.sfc_intel' [13:46, 08:48](3359 MB)
PASS -- TEST 'cpld_restart_p8_intel' [07:38, 04:51](3260 MB)
PASS -- TEST 'cpld_control_qr_p8_intel' [13:40, 09:08](3348 MB)
PASS -- TEST 'cpld_restart_qr_p8_intel' [07:41, 04:45](3274 MB)
PASS -- TEST 'cpld_2threads_p8_intel' [14:37, 09:17](3536 MB)
PASS -- TEST 'cpld_decomp_p8_intel' [13:36, 08:51](3315 MB)
PASS -- TEST 'cpld_mpi_p8_intel' [12:31, 07:34](3225 MB)
PASS -- TEST 'cpld_control_ciceC_p8_intel' [11:35, 08:44](3353 MB)
PASS -- TEST 'cpld_control_c192_p8_intel' [15:43, 10:36](3498 MB)
PASS -- TEST 'cpld_restart_c192_p8_intel' [11:20, 06:28](3607 MB)
PASS -- TEST 'cpld_bmark_p8_intel' [20:34, 10:53](4321 MB)
PASS -- TEST 'cpld_restart_bmark_p8_intel' [22:59, 06:35](4399 MB)
PASS -- TEST 'cpld_s2sa_p8_intel' [11:27, 07:38](3332 MB)

PASS -- COMPILE 's2sw_intel' [14:12, 12:32] ( 1 warnings 9 remarks )
PASS -- TEST 'cpld_control_noaero_p8_intel' [09:19, 06:15](1989 MB)
PASS -- TEST 'cpld_control_nowave_noaero_p8_intel' [09:25, 06:26](2053 MB)

PASS -- COMPILE 's2swa_debug_intel' [08:12, 06:07] ( 1413 warnings 1171 remarks )
PASS -- TEST 'cpld_debug_p8_intel' [17:18, 14:44](3387 MB)

PASS -- COMPILE 's2sw_debug_intel' [07:12, 05:29] ( 1413 warnings 1171 remarks )
PASS -- TEST 'cpld_debug_noaero_p8_intel' [09:00, 06:50](1991 MB)

PASS -- COMPILE 's2s_aoflux_intel' [13:12, 11:20] ( 1 remarks )
PASS -- TEST 'cpld_control_noaero_p8_agrid_intel' [07:10, 04:24](2043 MB)

PASS -- COMPILE 's2s_intel' [13:12, 11:43] ( 1 warnings 1 remarks )
PASS -- TEST 'cpld_control_c48_intel' [09:49, 07:57](3055 MB)
PASS -- TEST 'cpld_warmstart_c48_intel' [04:49, 02:28](3034 MB)
PASS -- TEST 'cpld_restart_c48_intel' [03:47, 01:27](2500 MB)

PASS -- COMPILE 's2swa_faster_intel' [18:13, 17:06] ( 1 warnings 9 remarks )
PASS -- TEST 'cpld_control_p8_faster_intel' [12:40, 08:30](3355 MB)

PASS -- COMPILE 's2sw_pdlib_intel' [17:13, 15:59] ( 1 warnings 9 remarks )
PASS -- TEST 'cpld_control_pdlib_p8_intel' [21:15, 17:51](2036 MB)
PASS -- TEST 'cpld_restart_pdlib_p8_intel' [11:21, 08:20](1274 MB)
PASS -- TEST 'cpld_mpi_pdlib_p8_intel' [23:06, 21:00](1934 MB)

PASS -- COMPILE 's2sw_pdlib_debug_intel' [07:12, 05:49] ( 1523 warnings 1941 remarks )
PASS -- TEST 'cpld_debug_pdlib_p8_intel' [29:18, 26:38](1980 MB)

PASS -- COMPILE 'atm_dyn32_intel' [12:12, 11:08] ( 1 warnings 1 remarks )
PASS -- TEST 'control_flake_intel' [06:28, 03:38](702 MB)
PASS -- TEST 'control_CubedSphereGrid_intel' [04:50, 02:44](1595 MB)
PASS -- TEST 'control_CubedSphereGrid_parallel_intel' [05:06, 02:43](1601 MB)
PASS -- TEST 'control_latlon_intel' [04:48, 02:37](1593 MB)
PASS -- TEST 'control_wrtGauss_netcdf_parallel_intel' [04:54, 02:37](1595 MB)
PASS -- TEST 'control_c48_intel' [09:58, 07:13](1726 MB)
PASS -- TEST 'control_c48.v2.sfc_intel' [08:33, 06:36](850 MB)
PASS -- TEST 'control_c48_lnd_iau_intel' [09:59, 07:15](1725 MB)
PASS -- TEST 'control_c192_intel' [10:18, 07:33](1759 MB)
PASS -- TEST 'control_c384_intel' [12:27, 08:11](1980 MB)
PASS -- TEST 'control_c384gdas_intel' [13:24, 08:09](1373 MB)
PASS -- TEST 'control_stochy_intel' [03:26, 01:41](663 MB)
PASS -- TEST 'control_stochy_restart_intel' [02:33, 01:03](500 MB)
PASS -- TEST 'control_lndp_intel' [03:28, 01:37](657 MB)
PASS -- TEST 'control_iovr4_intel' [04:30, 02:32](649 MB)
PASS -- TEST 'control_iovr5_intel' [04:29, 02:31](659 MB)
PASS -- TEST 'control_p8_intel' [06:12, 03:10](1866 MB)
PASS -- TEST 'control_p8.v2.sfc_intel' [06:29, 03:09](1889 MB)
PASS -- TEST 'control_p8_ugwpv1_intel' [05:03, 02:59](1883 MB)
PASS -- TEST 'control_restart_p8_intel' [04:12, 01:44](1137 MB)
PASS -- TEST 'control_noqr_p8_intel' [04:59, 02:55](1882 MB)
PASS -- TEST 'control_restart_noqr_p8_intel' [04:24, 01:43](1164 MB)
PASS -- TEST 'control_decomp_p8_intel' [04:57, 03:02](1876 MB)
PASS -- TEST 'control_2threads_p8_intel' [05:54, 03:16](1953 MB)
PASS -- TEST 'control_p8_lndp_intel' [07:43, 05:16](1853 MB)
PASS -- TEST 'control_p8_rrtmgp_intel' [07:02, 04:15](1947 MB)
PASS -- TEST 'control_p8_mynn_intel' [06:06, 03:15](1893 MB)
PASS -- TEST 'merra2_thompson_intel' [06:00, 03:28](1892 MB)
PASS -- TEST 'regional_control_intel' [07:42, 05:30](1115 MB)
PASS -- TEST 'regional_restart_intel' [04:43, 02:57](1105 MB)
PASS -- TEST 'regional_decomp_intel' [07:41, 06:00](1115 MB)
PASS -- TEST 'regional_2threads_intel' [05:41, 04:03](1072 MB)
PASS -- TEST 'regional_noquilt_intel' [07:54, 05:23](1421 MB)
PASS -- TEST 'regional_netcdf_parallel_intel' [07:56, 05:46](1115 MB)
PASS -- TEST 'regional_2dwrtdecomp_intel' [07:55, 05:30](1119 MB)
PASS -- TEST 'regional_wofs_intel' [08:55, 07:04](1894 MB)

PASS -- COMPILE 'rrfs_intel' [12:13, 10:19] ( 3 warnings 9 remarks )
FAILED: UNABLE TO COMPLETE COMPARISON -- TEST 'rap_control_intel' [, ]( MB)
PASS -- TEST 'regional_spp_sppt_shum_skeb_intel' [07:19, 04:12](1267 MB)
FAILED: UNABLE TO COMPLETE COMPARISON -- TEST 'rap_decomp_intel' [, ]( MB)
FAILED: UNABLE TO COMPLETE COMPARISON -- TEST 'rap_2threads_intel' [, ]( MB)
FAILED: UNABLE TO START TEST -- TEST 'rap_restart_intel' [, ]( MB)
FAILED: UNABLE TO COMPLETE COMPARISON -- TEST 'rap_sfcdiff_intel' [, ]( MB)
FAILED: UNABLE TO COMPLETE COMPARISON -- TEST 'rap_sfcdiff_decomp_intel' [, ]( MB)
FAILED: UNABLE TO START TEST -- TEST 'rap_sfcdiff_restart_intel' [, ]( MB)
PASS -- TEST 'hrrr_control_intel' [06:47, 04:01](1037 MB)
PASS -- TEST 'hrrr_control_decomp_intel' [06:39, 04:13](1023 MB)
PASS -- TEST 'hrrr_control_2threads_intel' [07:40, 04:28](1090 MB)
PASS -- TEST 'hrrr_control_restart_intel' [04:32, 02:12](999 MB)
PASS -- TEST 'rrfs_v1beta_intel' [10:59, 07:45](1095 MB)
PASS -- TEST 'rrfs_v1nssl_intel' [13:31, 10:09](1976 MB)
PASS -- TEST 'rrfs_v1nssl_nohailnoccn_intel' [12:33, 09:24](2050 MB)

PASS -- COMPILE 'csawmg_intel' [12:12, 10:08]
PASS -- TEST 'control_csawmg_intel' [08:41, 06:20](1019 MB)
PASS -- TEST 'control_ras_intel' [06:25, 03:35](717 MB)

PASS -- COMPILE 'wam_intel' [11:12, 09:57] ( 1 remarks )
PASS -- TEST 'control_wam_intel' [13:54, 11:30](1661 MB)

PASS -- COMPILE 'atm_faster_dyn32_intel' [12:14, 10:18] ( 1 remarks )
PASS -- TEST 'control_p8_faster_intel' [04:56, 02:49](1881 MB)
PASS -- TEST 'regional_control_faster_intel' [06:41, 04:57](1119 MB)

PASS -- COMPILE 'atm_debug_dyn32_intel' [09:12, 07:54] ( 882 warnings 9 remarks )
PASS -- TEST 'control_CubedSphereGrid_debug_intel' [06:58, 02:40](1603 MB)
PASS -- TEST 'control_wrtGauss_netcdf_parallel_debug_intel' [07:00, 02:20](1631 MB)
PASS -- TEST 'control_stochy_debug_intel' [07:31, 03:11](824 MB)
PASS -- TEST 'control_lndp_debug_intel' [07:33, 02:56](826 MB)
PASS -- TEST 'control_csawmg_debug_intel' [08:49, 04:19](1136 MB)
PASS -- TEST 'control_ras_debug_intel' [07:32, 02:57](833 MB)
PASS -- TEST 'control_diag_debug_intel' [07:03, 02:48](1678 MB)
PASS -- TEST 'control_debug_p8_intel' [06:55, 02:59](1924 MB)
PASS -- TEST 'regional_debug_intel' [21:51, 17:35](1099 MB)
FAILED: UNABLE TO COMPLETE COMPARISON -- TEST 'rap_control_debug_intel' [, ]( MB)
PASS -- TEST 'hrrr_control_debug_intel' [09:36, 05:02](1214 MB)
FAILED: UNABLE TO COMPLETE COMPARISON -- TEST 'hrrr_gf_debug_intel' [, ]( MB)
FAILED: UNABLE TO COMPLETE COMPARISON -- TEST 'hrrr_c3_debug_intel' [, ]( MB)
FAILED: UNABLE TO COMPLETE COMPARISON -- TEST 'rap_unified_drag_suite_debug_intel' [, ]( MB)
FAILED: UNABLE TO COMPLETE COMPARISON -- TEST 'rap_diag_debug_intel' [, ]( MB)
FAILED: UNABLE TO COMPLETE COMPARISON -- TEST 'rap_cires_ugwp_debug_intel' [, ]( MB)
FAILED: UNABLE TO COMPLETE COMPARISON -- TEST 'rap_unified_ugwp_debug_intel' [, ]( MB)
FAILED: UNABLE TO COMPLETE COMPARISON -- TEST 'rap_lndp_debug_intel' [, ]( MB)
FAILED: UNABLE TO COMPLETE COMPARISON -- TEST 'rap_progcld_thompson_debug_intel' [, ]( MB)
FAILED: UNABLE TO COMPLETE COMPARISON -- TEST 'rap_noah_debug_intel' [, ]( MB)
FAILED: UNABLE TO COMPLETE COMPARISON -- TEST 'rap_sfcdiff_debug_intel' [, ]( MB)
FAILED: UNABLE TO COMPLETE COMPARISON -- TEST 'rap_noah_sfcdiff_cires_ugwp_debug_intel' [, ]( MB)
PASS -- TEST 'rrfs_v1beta_debug_intel' [06:28, 04:57](1214 MB)
FAILED: UNABLE TO COMPLETE COMPARISON -- TEST 'rap_clm_lake_debug_intel' [, ]( MB)
FAILED: UNABLE TO COMPLETE COMPARISON -- TEST 'rap_flake_debug_intel' [, ]( MB)
FAILED: UNABLE TO COMPLETE COMPARISON -- TEST 'gnv1_c96_no_nest_debug_intel' [, ]( MB)

PASS -- COMPILE 'atm_debug_dyn32_gnu' [06:12, 04:22]
PASS -- TEST 'control_csawmg_debug_gnu' [07:02, 02:30](715 MB)

PASS -- COMPILE 'wam_debug_intel' [06:12, 04:40] ( 837 warnings 1 remarks )
PASS -- TEST 'control_wam_debug_intel' [18:06, 13:43](1680 MB)

PASS -- COMPILE 'rrfs_dyn32_phy32_intel' [11:14, 10:01] ( 3 warnings 8 remarks )
PASS -- TEST 'regional_spp_sppt_shum_skeb_dyn32_phy32_intel' [06:12, 03:55](1143 MB)
FAILED: UNABLE TO COMPLETE COMPARISON -- TEST 'rap_control_dyn32_phy32_intel' [, ]( MB)
PASS -- TEST 'hrrr_control_dyn32_phy32_intel' [05:52, 03:27](988 MB)
FAILED: UNABLE TO COMPLETE COMPARISON -- TEST 'rap_2threads_dyn32_phy32_intel' [, ]( MB)
PASS -- TEST 'hrrr_control_2threads_dyn32_phy32_intel' [05:43, 03:52](968 MB)
PASS -- TEST 'hrrr_control_decomp_dyn32_phy32_intel' [05:37, 03:43](928 MB)
FAILED: UNABLE TO START TEST -- TEST 'rap_restart_dyn32_phy32_intel' [, ]( MB)
PASS -- TEST 'hrrr_control_restart_dyn32_phy32_intel' [03:38, 01:57](924 MB)

PASS -- COMPILE 'rrfs_dyn32_phy32_faster_intel' [12:14, 10:11] ( 3 warnings 8 remarks )
PASS -- TEST 'conus13km_control_intel' [05:05, 02:09](1185 MB)
PASS -- TEST 'conus13km_2threads_intel' [03:47, 01:01](1166 MB)
PASS -- TEST 'conus13km_restart_mismatch_intel' [03:48, 01:21](1098 MB)

PASS -- COMPILE 'rrfs_dyn64_phy32_intel' [12:13, 10:15] ( 3 warnings 8 remarks )
FAILED: UNABLE TO COMPLETE COMPARISON -- TEST 'rap_control_dyn64_phy32_intel' [, ]( MB)

PASS -- COMPILE 'rrfs_dyn32_phy32_debug_intel' [08:14, 04:54] ( 785 warnings 8 remarks )
FAILED: UNABLE TO COMPLETE COMPARISON -- TEST 'rap_control_debug_dyn32_phy32_intel' [, ]( MB)
PASS -- TEST 'hrrr_control_debug_dyn32_phy32_intel' [06:26, 04:54](1090 MB)
PASS -- TEST 'conus13km_debug_intel' [17:05, 14:26](1242 MB)
PASS -- TEST 'conus13km_debug_qr_intel' [17:05, 14:26](934 MB)
PASS -- TEST 'conus13km_debug_2threads_intel' [14:50, 12:36](1227 MB)
PASS -- TEST 'conus13km_radar_tten_debug_intel' [16:47, 14:32](1285 MB)

PASS -- COMPILE 'rrfs_dyn64_phy32_debug_intel' [08:13, 04:47] ( 785 warnings 8 remarks )
FAILED: UNABLE TO COMPLETE COMPARISON -- TEST 'rap_control_dyn64_phy32_debug_intel' [, ]( MB)

PASS -- COMPILE 'hafsw_intel' [15:14, 12:25] ( 1 warnings 9 remarks )
PASS -- TEST 'hafs_regional_atm_intel' [09:16, 05:06](717 MB)
PASS -- TEST 'hafs_regional_atm_thompson_gfdlsf_intel' [07:34, 06:04](1104 MB)
PASS -- TEST 'hafs_regional_atm_ocn_intel' [11:32, 07:07](808 MB)
PASS -- TEST 'hafs_regional_atm_wav_intel' [19:21, 15:42](843 MB)
PASS -- TEST 'hafs_regional_atm_ocn_wav_intel' [23:40, 18:51](865 MB)
PASS -- TEST 'hafs_regional_1nest_atm_intel' [09:03, 05:34](491 MB)
PASS -- TEST 'hafs_regional_telescopic_2nests_atm_intel' [10:29, 06:50](512 MB)
PASS -- TEST 'hafs_global_1nest_atm_intel' [05:45, 02:45](377 MB)
PASS -- TEST 'hafs_global_multiple_4nests_atm_intel' [12:26, 07:28](482 MB)
PASS -- TEST 'hafs_regional_specified_moving_1nest_atm_intel' [06:45, 03:49](518 MB)
PASS -- TEST 'hafs_regional_storm_following_1nest_atm_intel' [05:48, 03:38](522 MB)
PASS -- TEST 'hafs_regional_storm_following_1nest_atm_ocn_intel' [06:53, 04:14](585 MB)
PASS -- TEST 'hafs_global_storm_following_1nest_atm_intel' [03:28, 01:13](401 MB)
FAILED: UNABLE TO COMPLETE COMPARISON -- TEST 'gnv1_nested_intel' [, ]( MB)

PASS -- COMPILE 'hafsw_debug_intel' [08:13, 05:13] ( 1465 warnings 1444 remarks )
PASS -- TEST 'hafs_regional_storm_following_1nest_atm_ocn_debug_intel' [15:53, 13:11](580 MB)

PASS -- COMPILE 'hafsw_faster_intel' [15:14, 12:00] ( 8 remarks )
PASS -- TEST 'hafs_regional_storm_following_1nest_atm_ocn_wav_intel' [13:01, 10:20](626 MB)
PASS -- TEST 'hafs_regional_storm_following_1nest_atm_ocn_wav_inline_intel' [14:06, 10:23](731 MB)

PASS -- COMPILE 'hafs_mom6w_intel' [14:15, 12:08] ( 8 remarks )
PASS -- TEST 'hafs_regional_storm_following_1nest_atm_ocn_wav_mom6_intel' [11:35, 08:36](677 MB)

PASS -- COMPILE 'hafs_all_intel' [13:14, 11:23] ( 8 remarks )
PASS -- TEST 'hafs_regional_docn_intel' [09:15, 06:32](814 MB)
PASS -- TEST 'hafs_regional_docn_oisst_intel' [09:13, 06:33](789 MB)
PASS -- TEST 'hafs_regional_datm_cdeps_intel' [18:56, 16:21](1212 MB)

PASS -- COMPILE 'datm_cdeps_intel' [08:12, 06:39]
PASS -- TEST 'datm_cdeps_control_cfsr_intel' [04:19, 02:50](1160 MB)
PASS -- TEST 'datm_cdeps_restart_cfsr_intel' [03:20, 01:44](1114 MB)
PASS -- TEST 'datm_cdeps_control_gefs_intel' [04:18, 02:57](1017 MB)
PASS -- TEST 'datm_cdeps_iau_gefs_intel' [04:18, 02:44](1054 MB)
PASS -- TEST 'datm_cdeps_stochy_gefs_intel' [04:18, 02:46](1035 MB)
PASS -- TEST 'datm_cdeps_ciceC_cfsr_intel' [04:18, 02:49](1149 MB)
PASS -- TEST 'datm_cdeps_bulk_cfsr_intel' [04:18, 02:50](1155 MB)
PASS -- TEST 'datm_cdeps_bulk_gefs_intel' [04:18, 02:44](1028 MB)
PASS -- TEST 'datm_cdeps_mx025_cfsr_intel' [09:26, 06:57](1069 MB)
PASS -- TEST 'datm_cdeps_mx025_gefs_intel' [10:19, 06:59](1047 MB)
PASS -- TEST 'datm_cdeps_multiple_files_cfsr_intel' [04:15, 02:49](1177 MB)
PASS -- TEST 'datm_cdeps_3072x1536_cfsr_intel' [05:20, 03:53](2511 MB)
PASS -- TEST 'datm_cdeps_gfs_intel' [05:19, 04:02](2472 MB)

PASS -- COMPILE 'datm_cdeps_debug_intel' [05:13, 03:20] ( 2 warnings )
PASS -- TEST 'datm_cdeps_debug_cfsr_intel' [08:19, 06:32](1097 MB)

PASS -- COMPILE 'datm_cdeps_faster_intel' [08:12, 06:37]
PASS -- TEST 'datm_cdeps_control_cfsr_faster_intel' [04:18, 02:52](1167 MB)

PASS -- COMPILE 'datm_cdeps_land_intel' [03:13, 01:08] ( 1 remarks )
PASS -- TEST 'datm_cdeps_lnd_gswp3_intel' [03:31, 00:49](259 MB)
PASS -- TEST 'datm_cdeps_lnd_era5_intel' [03:26, 00:54](327 MB)
PASS -- TEST 'datm_cdeps_lnd_era5_rst_intel' [02:27, 00:32](324 MB)

PASS -- COMPILE 'datm_cdeps_lm4_intel' [03:12, 01:34]
PASS -- TEST 'datm_cdeps_lm4_gswp3_intel' [03:34, 00:36](569 MB)
PASS -- TEST 'datm_cdeps_lm4_gswp3_rst_intel' [02:33, 00:18](452 MB)

PASS -- COMPILE 'atm_ds2s_docn_pcice_intel' [12:11, 10:57] ( 1 remarks )
PASS -- TEST 'atm_ds2s_docn_pcice_intel' [06:59, 03:47](1988 MB)

PASS -- COMPILE 'atm_ds2s_docn_dice_intel' [12:13, 10:30] ( 1 warnings 1 remarks )
PASS -- TEST 'atm_ds2s_docn_dice_intel' [06:55, 04:58](1984 MB)

PASS -- COMPILE 'atml_intel' [12:13, 10:56] ( 8 warnings 2 remarks )
PASS -- TEST 'control_p8_atmlnd_sbs_intel' [07:04, 04:18](1862 MB)
PASS -- TEST 'control_p8_atmlnd_intel' [07:02, 04:25](1867 MB)
PASS -- TEST 'control_restart_p8_atmlnd_intel' [04:53, 02:30](1071 MB)

PASS -- COMPILE 'atml_debug_intel' [07:13, 05:48] ( 880 warnings 2 remarks )
PASS -- TEST 'control_p8_atmlnd_debug_intel' [08:58, 06:13](1882 MB)

PASS -- COMPILE 'atmw_intel' [12:13, 10:38] ( 9 remarks )
PASS -- TEST 'atmwav_control_noaero_p8_intel' [04:50, 02:09](1902 MB)

PASS -- COMPILE 'atmaero_intel' [12:12, 10:46] ( 1 remarks )
PASS -- TEST 'atmaero_control_p8_intel' [07:00, 04:12](3196 MB)
PASS -- TEST 'atmaero_control_p8_rad_intel' [07:00, 05:03](3097 MB)
PASS -- TEST 'atmaero_control_p8_rad_micro_intel' [06:46, 05:03](3106 MB)

PASS -- COMPILE 'atmaq_debug_intel' [07:13, 05:20] ( 882 warnings 6 remarks )

PASS -- COMPILE 'atm_fbh_intel' [12:13, 10:03] ( 3 warnings 8 remarks )
PASS -- TEST 'cpld_regional_atm_fbh_intel' [13:33, 11:46](1119 MB)

PASS -- COMPILE 'rrfs_dyn32_phy32_intelllvm' [09:12, 07:04]
FAILED: UNABLE TO COMPLETE COMPARISON -- TEST 'rap_control_dyn32_phy32_intelllvm' [, ]( MB)

PASS -- COMPILE 'rrfs_dyn64_phy32_intelllvm' [08:12, 06:49]
FAILED: UNABLE TO COMPLETE COMPARISON -- TEST 'rap_control_dyn64_phy32_intelllvm' [, ]( MB)

PASS -- COMPILE 'atm_gnu' [06:12, 04:29]
PASS -- TEST 'control_c48_gnu' [11:41, 09:34](1511 MB)
PASS -- TEST 'control_stochy_gnu' [05:24, 03:29](494 MB)
PASS -- TEST 'control_ras_gnu' [06:22, 05:01](501 MB)
PASS -- TEST 'control_p8_gnu' [06:53, 04:31](1447 MB)
PASS -- TEST 'control_p8_ugwpv1_gnu' [06:50, 04:26](1454 MB)
PASS -- TEST 'control_flake_gnu' [12:26, 10:26](538 MB)

PASS -- COMPILE 'rrfs_gnu' [06:12, 04:15]
FAILED: UNABLE TO COMPLETE COMPARISON -- TEST 'rap_control_gnu' [, ]( MB)
FAILED: UNABLE TO COMPLETE COMPARISON -- TEST 'rap_decomp_gnu' [, ]( MB)
FAILED: UNABLE TO COMPLETE COMPARISON -- TEST 'rap_2threads_gnu' [, ]( MB)
FAILED: UNABLE TO START TEST -- TEST 'rap_restart_gnu' [, ]( MB)
FAILED: UNABLE TO COMPLETE COMPARISON -- TEST 'rap_sfcdiff_gnu' [, ]( MB)
FAILED: UNABLE TO COMPLETE COMPARISON -- TEST 'rap_sfcdiff_decomp_gnu' [, ]( MB)
FAILED: UNABLE TO START TEST -- TEST 'rap_sfcdiff_restart_gnu' [, ]( MB)
PASS -- TEST 'hrrr_control_gnu' [07:38, 05:56](840 MB)
PASS -- TEST 'hrrr_control_noqr_gnu' [07:34, 05:58](828 MB)
PASS -- TEST 'hrrr_control_2threads_gnu' [10:37, 08:40](910 MB)
PASS -- TEST 'hrrr_control_decomp_gnu' [07:33, 05:57](807 MB)
PASS -- TEST 'hrrr_control_restart_gnu' [05:29, 03:06](561 MB)
PASS -- TEST 'hrrr_control_restart_noqr_gnu' [05:28, 03:04](650 MB)
PASS -- TEST 'rrfs_v1beta_gnu' [13:41, 11:15](805 MB)

PASS -- COMPILE 'csawmg_gnu' [05:11, 03:52]
PASS -- TEST 'control_csawmg_gnu' [10:40, 08:36](732 MB)

PASS -- COMPILE 'atm_dyn32_debug_gnu' [08:12, 06:44]
PASS -- TEST 'control_diag_debug_gnu' [03:52, 01:44](1266 MB)
PASS -- TEST 'regional_debug_gnu' [13:38, 10:46](755 MB)
FAILED: UNABLE TO COMPLETE COMPARISON -- TEST 'rap_control_debug_gnu' [, ]( MB)
PASS -- TEST 'hrrr_control_debug_gnu' [04:25, 02:36](816 MB)
FAILED: UNABLE TO COMPLETE COMPARISON -- TEST 'hrrr_gf_debug_gnu' [, ]( MB)
FAILED: UNABLE TO COMPLETE COMPARISON -- TEST 'hrrr_c3_debug_gnu' [, ]( MB)
FAILED: UNABLE TO COMPLETE COMPARISON -- TEST 'rap_diag_debug_gnu' [, ]( MB)
FAILED: UNABLE TO COMPLETE COMPARISON -- TEST 'rap_noah_sfcdiff_cires_ugwp_debug_gnu' [, ]( MB)
FAILED: UNABLE TO COMPLETE COMPARISON -- TEST 'rap_progcld_thompson_debug_gnu' [, ]( MB)
PASS -- TEST 'rrfs_v1beta_debug_gnu' [04:23, 02:42](815 MB)
PASS -- TEST 'control_ras_debug_gnu' [03:23, 01:35](451 MB)
PASS -- TEST 'control_stochy_debug_gnu' [03:21, 01:47](448 MB)
PASS -- TEST 'control_debug_p8_gnu' [03:38, 01:43](1436 MB)
FAILED: UNABLE TO COMPLETE COMPARISON -- TEST 'rap_flake_debug_gnu' [, ]( MB)
FAILED: UNABLE TO COMPLETE COMPARISON -- TEST 'rap_clm_lake_debug_gnu' [, ]( MB)
FAILED: UNABLE TO COMPLETE COMPARISON -- TEST 'gnv1_c96_no_nest_debug_gnu' [, ]( MB)

PASS -- COMPILE 'wam_debug_gnu' [04:13, 02:22]

PASS -- COMPILE 'rrfs_dyn32_phy32_gnu' [06:12, 04:11]
FAILED: UNABLE TO COMPLETE COMPARISON -- TEST 'rap_control_dyn32_phy32_gnu' [, ]( MB)
PASS -- TEST 'hrrr_control_dyn32_phy32_gnu' [10:30, 05:10](698 MB)
FAILED: UNABLE TO COMPLETE COMPARISON -- TEST 'rap_2threads_dyn32_phy32_gnu' [, ]( MB)
PASS -- TEST 'hrrr_control_2threads_dyn32_phy32_gnu' [12:31, 07:59](734 MB)
PASS -- TEST 'hrrr_control_decomp_dyn32_phy32_gnu' [09:33, 05:22](688 MB)
FAILED: UNABLE TO START TEST -- TEST 'rap_restart_dyn32_phy32_gnu' [, ]( MB)
PASS -- TEST 'hrrr_control_restart_dyn32_phy32_gnu' [04:27, 02:40](534 MB)
PASS -- TEST 'conus13km_control_gnu' [07:52, 03:11](867 MB)
PASS -- TEST 'conus13km_2threads_gnu' [03:41, 01:32](871 MB)
PASS -- TEST 'conus13km_restart_mismatch_gnu' [04:41, 01:48](557 MB)

PASS -- COMPILE 'atm_dyn64_phy32_gnu' [11:12, 09:57]
FAILED: UNABLE TO COMPLETE COMPARISON -- TEST 'rap_control_dyn64_phy32_gnu' [, ]( MB)

PASS -- COMPILE 'atm_dyn32_phy32_debug_gnu' [08:13, 06:58]
FAILED: UNABLE TO COMPLETE COMPARISON -- TEST 'rap_control_debug_dyn32_phy32_gnu' [, ]( MB)
PASS -- TEST 'hrrr_control_debug_dyn32_phy32_gnu' [04:23, 02:39](705 MB)
PASS -- TEST 'conus13km_debug_gnu' [08:59, 07:02](881 MB)
PASS -- TEST 'conus13km_debug_qr_gnu' [08:59, 06:57](571 MB)
PASS -- TEST 'conus13km_debug_2threads_gnu' [07:46, 05:47](885 MB)
PASS -- TEST 'conus13km_radar_tten_debug_gnu' [08:45, 07:06](947 MB)

PASS -- COMPILE 'atm_dyn64_phy32_debug_gnu' [08:12, 06:58]
FAILED: UNABLE TO COMPLETE COMPARISON -- TEST 'rap_control_dyn64_phy32_debug_gnu' [, ]( MB)

PASS -- COMPILE 's2swa_gnu' [18:12, 16:24]

PASS -- COMPILE 's2s_gnu' [18:13, 16:15]
PASS -- TEST 'cpld_control_nowave_noaero_p8_gnu' [14:12, 10:58](1495 MB)

PASS -- COMPILE 's2swa_debug_gnu' [05:11, 03:13]

PASS -- COMPILE 's2sw_pdlib_gnu' [17:13, 16:01]
PASS -- TEST 'cpld_control_pdlib_p8_gnu' [25:05, 22:20](1442 MB)

PASS -- COMPILE 's2sw_pdlib_debug_gnu' [04:12, 02:58]

PASS -- COMPILE 'datm_cdeps_gnu' [17:12, 15:42]
PASS -- TEST 'datm_cdeps_control_cfsr_gnu' [05:18, 03:08](696 MB)

SYNOPSIS:
Starting Date/Time: 20250127 21:09:16
Ending Date/Time: 20250127 23:17:38
Total Time: 02h:08m:40s
Compiles Completed: 61/61
Tests Completed: 196/249
Failed Tests:
* TEST rap_control_intel: FAILED: UNABLE TO COMPLETE COMPARISON
-- LOG: /scratch2/BMC/acomp/Haiqin.Li/SRW3.0/ufs-weather-model/tests/logs/log_hera/run_rap_control_intel.log
* TEST rap_decomp_intel: FAILED: UNABLE TO COMPLETE COMPARISON
-- LOG: /scratch2/BMC/acomp/Haiqin.Li/SRW3.0/ufs-weather-model/tests/logs/log_hera/run_rap_decomp_intel.log
* TEST rap_2threads_intel: FAILED: UNABLE TO COMPLETE COMPARISON
-- LOG: /scratch2/BMC/acomp/Haiqin.Li/SRW3.0/ufs-weather-model/tests/logs/log_hera/run_rap_2threads_intel.log
* TEST rap_restart_intel: FAILED: UNABLE TO START TEST
-- LOG: N/A
* TEST rap_sfcdiff_intel: FAILED: UNABLE TO COMPLETE COMPARISON
-- LOG: /scratch2/BMC/acomp/Haiqin.Li/SRW3.0/ufs-weather-model/tests/logs/log_hera/run_rap_sfcdiff_intel.log
* TEST rap_sfcdiff_decomp_intel: FAILED: UNABLE TO COMPLETE COMPARISON
-- LOG: /scratch2/BMC/acomp/Haiqin.Li/SRW3.0/ufs-weather-model/tests/logs/log_hera/run_rap_sfcdiff_decomp_intel.log
* TEST rap_sfcdiff_restart_intel: FAILED: UNABLE TO START TEST
-- LOG: N/A
* TEST rap_control_debug_intel: FAILED: UNABLE TO COMPLETE COMPARISON
-- LOG: /scratch2/BMC/acomp/Haiqin.Li/SRW3.0/ufs-weather-model/tests/logs/log_hera/run_rap_control_debug_intel.log
* TEST hrrr_gf_debug_intel: FAILED: UNABLE TO COMPLETE COMPARISON
-- LOG: /scratch2/BMC/acomp/Haiqin.Li/SRW3.0/ufs-weather-model/tests/logs/log_hera/run_hrrr_gf_debug_intel.log
* TEST hrrr_c3_debug_intel: FAILED: UNABLE TO COMPLETE COMPARISON
-- LOG: /scratch2/BMC/acomp/Haiqin.Li/SRW3.0/ufs-weather-model/tests/logs/log_hera/run_hrrr_c3_debug_intel.log
* TEST rap_unified_drag_suite_debug_intel: FAILED: UNABLE TO COMPLETE COMPARISON
-- LOG: /scratch2/BMC/acomp/Haiqin.Li/SRW3.0/ufs-weather-model/tests/logs/log_hera/run_rap_unified_drag_suite_debug_intel.log
* TEST rap_diag_debug_intel: FAILED: UNABLE TO COMPLETE COMPARISON
-- LOG: /scratch2/BMC/acomp/Haiqin.Li/SRW3.0/ufs-weather-model/tests/logs/log_hera/run_rap_diag_debug_intel.log
* TEST rap_cires_ugwp_debug_intel: FAILED: UNABLE TO COMPLETE COMPARISON
-- LOG: /scratch2/BMC/acomp/Haiqin.Li/SRW3.0/ufs-weather-model/tests/logs/log_hera/run_rap_cires_ugwp_debug_intel.log
* TEST rap_unified_ugwp_debug_intel: FAILED: UNABLE TO COMPLETE COMPARISON
-- LOG: /scratch2/BMC/acomp/Haiqin.Li/SRW3.0/ufs-weather-model/tests/logs/log_hera/run_rap_unified_ugwp_debug_intel.log
* TEST rap_lndp_debug_intel: FAILED: UNABLE TO COMPLETE COMPARISON
-- LOG: /scratch2/BMC/acomp/Haiqin.Li/SRW3.0/ufs-weather-model/tests/logs/log_hera/run_rap_lndp_debug_intel.log
* TEST rap_progcld_thompson_debug_intel: FAILED: UNABLE TO COMPLETE COMPARISON
-- LOG: /scratch2/BMC/acomp/Haiqin.Li/SRW3.0/ufs-weather-model/tests/logs/log_hera/run_rap_progcld_thompson_debug_intel.log
* TEST rap_noah_debug_intel: FAILED: UNABLE TO COMPLETE COMPARISON
-- LOG: /scratch2/BMC/acomp/Haiqin.Li/SRW3.0/ufs-weather-model/tests/logs/log_hera/run_rap_noah_debug_intel.log
* TEST rap_sfcdiff_debug_intel: FAILED: UNABLE TO COMPLETE COMPARISON
-- LOG: /scratch2/BMC/acomp/Haiqin.Li/SRW3.0/ufs-weather-model/tests/logs/log_hera/run_rap_sfcdiff_debug_intel.log
* TEST rap_noah_sfcdiff_cires_ugwp_debug_intel: FAILED: UNABLE TO COMPLETE COMPARISON
-- LOG: /scratch2/BMC/acomp/Haiqin.Li/SRW3.0/ufs-weather-model/tests/logs/log_hera/run_rap_noah_sfcdiff_cires_ugwp_debug_intel.log
* TEST rap_clm_lake_debug_intel: FAILED: UNABLE TO COMPLETE COMPARISON
-- LOG: /scratch2/BMC/acomp/Haiqin.Li/SRW3.0/ufs-weather-model/tests/logs/log_hera/run_rap_clm_lake_debug_intel.log
* TEST rap_flake_debug_intel: FAILED: UNABLE TO COMPLETE COMPARISON
-- LOG: /scratch2/BMC/acomp/Haiqin.Li/SRW3.0/ufs-weather-model/tests/logs/log_hera/run_rap_flake_debug_intel.log
* TEST gnv1_c96_no_nest_debug_intel: FAILED: UNABLE TO COMPLETE COMPARISON
-- LOG: /scratch2/BMC/acomp/Haiqin.Li/SRW3.0/ufs-weather-model/tests/logs/log_hera/run_gnv1_c96_no_nest_debug_intel.log
* TEST rap_control_dyn32_phy32_intel: FAILED: UNABLE TO COMPLETE COMPARISON
-- LOG: /scratch2/BMC/acomp/Haiqin.Li/SRW3.0/ufs-weather-model/tests/logs/log_hera/run_rap_control_dyn32_phy32_intel.log
* TEST rap_2threads_dyn32_phy32_intel: FAILED: UNABLE TO COMPLETE COMPARISON
-- LOG: /scratch2/BMC/acomp/Haiqin.Li/SRW3.0/ufs-weather-model/tests/logs/log_hera/run_rap_2threads_dyn32_phy32_intel.log
* TEST rap_restart_dyn32_phy32_intel: FAILED: UNABLE TO START TEST
-- LOG: N/A
* TEST rap_control_dyn64_phy32_intel: FAILED: UNABLE TO COMPLETE COMPARISON
-- LOG: /scratch2/BMC/acomp/Haiqin.Li/SRW3.0/ufs-weather-model/tests/logs/log_hera/run_rap_control_dyn64_phy32_intel.log
* TEST rap_control_debug_dyn32_phy32_intel: FAILED: UNABLE TO COMPLETE COMPARISON
-- LOG: /scratch2/BMC/acomp/Haiqin.Li/SRW3.0/ufs-weather-model/tests/logs/log_hera/run_rap_control_debug_dyn32_phy32_intel.log
* TEST rap_control_dyn64_phy32_debug_intel: FAILED: UNABLE TO COMPLETE COMPARISON
-- LOG: /scratch2/BMC/acomp/Haiqin.Li/SRW3.0/ufs-weather-model/tests/logs/log_hera/run_rap_control_dyn64_phy32_debug_intel.log
* TEST gnv1_nested_intel: FAILED: UNABLE TO COMPLETE COMPARISON
-- LOG: /scratch2/BMC/acomp/Haiqin.Li/SRW3.0/ufs-weather-model/tests/logs/log_hera/run_gnv1_nested_intel.log
* TEST rap_control_dyn32_phy32_intelllvm: FAILED: UNABLE TO COMPLETE COMPARISON
-- LOG: /scratch2/BMC/acomp/Haiqin.Li/SRW3.0/ufs-weather-model/tests/logs/log_hera/run_rap_control_dyn32_phy32_intelllvm.log
* TEST rap_control_dyn64_phy32_intelllvm: FAILED: UNABLE TO COMPLETE COMPARISON
-- LOG: /scratch2/BMC/acomp/Haiqin.Li/SRW3.0/ufs-weather-model/tests/logs/log_hera/run_rap_control_dyn64_phy32_intelllvm.log
* TEST rap_control_gnu: FAILED: UNABLE TO COMPLETE COMPARISON
-- LOG: /scratch2/BMC/acomp/Haiqin.Li/SRW3.0/ufs-weather-model/tests/logs/log_hera/run_rap_control_gnu.log
* TEST rap_decomp_gnu: FAILED: UNABLE TO COMPLETE COMPARISON
-- LOG: /scratch2/BMC/acomp/Haiqin.Li/SRW3.0/ufs-weather-model/tests/logs/log_hera/run_rap_decomp_gnu.log
* TEST rap_2threads_gnu: FAILED: UNABLE TO COMPLETE COMPARISON
-- LOG: /scratch2/BMC/acomp/Haiqin.Li/SRW3.0/ufs-weather-model/tests/logs/log_hera/run_rap_2threads_gnu.log
* TEST rap_restart_gnu: FAILED: UNABLE TO START TEST
-- LOG: N/A
* TEST rap_sfcdiff_gnu: FAILED: UNABLE TO COMPLETE COMPARISON
-- LOG: /scratch2/BMC/acomp/Haiqin.Li/SRW3.0/ufs-weather-model/tests/logs/log_hera/run_rap_sfcdiff_gnu.log
* TEST rap_sfcdiff_decomp_gnu: FAILED: UNABLE TO COMPLETE COMPARISON
-- LOG: /scratch2/BMC/acomp/Haiqin.Li/SRW3.0/ufs-weather-model/tests/logs/log_hera/run_rap_sfcdiff_decomp_gnu.log
* TEST rap_sfcdiff_restart_gnu: FAILED: UNABLE TO START TEST
-- LOG: N/A
* TEST rap_control_debug_gnu: FAILED: UNABLE TO COMPLETE COMPARISON
-- LOG: /scratch2/BMC/acomp/Haiqin.Li/SRW3.0/ufs-weather-model/tests/logs/log_hera/run_rap_control_debug_gnu.log
* TEST hrrr_gf_debug_gnu: FAILED: UNABLE TO COMPLETE COMPARISON
-- LOG: /scratch2/BMC/acomp/Haiqin.Li/SRW3.0/ufs-weather-model/tests/logs/log_hera/run_hrrr_gf_debug_gnu.log
* TEST hrrr_c3_debug_gnu: FAILED: UNABLE TO COMPLETE COMPARISON
-- LOG: /scratch2/BMC/acomp/Haiqin.Li/SRW3.0/ufs-weather-model/tests/logs/log_hera/run_hrrr_c3_debug_gnu.log
* TEST rap_diag_debug_gnu: FAILED: UNABLE TO COMPLETE COMPARISON
-- LOG: /scratch2/BMC/acomp/Haiqin.Li/SRW3.0/ufs-weather-model/tests/logs/log_hera/run_rap_diag_debug_gnu.log
* TEST rap_noah_sfcdiff_cires_ugwp_debug_gnu: FAILED: UNABLE TO COMPLETE COMPARISON
-- LOG: /scratch2/BMC/acomp/Haiqin.Li/SRW3.0/ufs-weather-model/tests/logs/log_hera/run_rap_noah_sfcdiff_cires_ugwp_debug_gnu.log
* TEST rap_progcld_thompson_debug_gnu: FAILED: UNABLE TO COMPLETE COMPARISON
-- LOG: /scratch2/BMC/acomp/Haiqin.Li/SRW3.0/ufs-weather-model/tests/logs/log_hera/run_rap_progcld_thompson_debug_gnu.log
* TEST rap_flake_debug_gnu: FAILED: UNABLE TO COMPLETE COMPARISON
-- LOG: /scratch2/BMC/acomp/Haiqin.Li/SRW3.0/ufs-weather-model/tests/logs/log_hera/run_rap_flake_debug_gnu.log
* TEST rap_clm_lake_debug_gnu: FAILED: UNABLE TO COMPLETE COMPARISON
-- LOG: /scratch2/BMC/acomp/Haiqin.Li/SRW3.0/ufs-weather-model/tests/logs/log_hera/run_rap_clm_lake_debug_gnu.log
* TEST gnv1_c96_no_nest_debug_gnu: FAILED: UNABLE TO COMPLETE COMPARISON
-- LOG: /scratch2/BMC/acomp/Haiqin.Li/SRW3.0/ufs-weather-model/tests/logs/log_hera/run_gnv1_c96_no_nest_debug_gnu.log
* TEST rap_control_dyn32_phy32_gnu: FAILED: UNABLE TO COMPLETE COMPARISON
-- LOG: /scratch2/BMC/acomp/Haiqin.Li/SRW3.0/ufs-weather-model/tests/logs/log_hera/run_rap_control_dyn32_phy32_gnu.log
* TEST rap_2threads_dyn32_phy32_gnu: FAILED: UNABLE TO COMPLETE COMPARISON
-- LOG: /scratch2/BMC/acomp/Haiqin.Li/SRW3.0/ufs-weather-model/tests/logs/log_hera/run_rap_2threads_dyn32_phy32_gnu.log
* TEST rap_restart_dyn32_phy32_gnu: FAILED: UNABLE TO START TEST
-- LOG: N/A
* TEST rap_control_dyn64_phy32_gnu: FAILED: UNABLE TO COMPLETE COMPARISON
-- LOG: /scratch2/BMC/acomp/Haiqin.Li/SRW3.0/ufs-weather-model/tests/logs/log_hera/run_rap_control_dyn64_phy32_gnu.log
* TEST rap_control_debug_dyn32_phy32_gnu: FAILED: UNABLE TO COMPLETE COMPARISON
-- LOG: /scratch2/BMC/acomp/Haiqin.Li/SRW3.0/ufs-weather-model/tests/logs/log_hera/run_rap_control_debug_dyn32_phy32_gnu.log
* TEST rap_control_dyn64_phy32_debug_gnu: FAILED: UNABLE TO COMPLETE COMPARISON
-- LOG: /scratch2/BMC/acomp/Haiqin.Li/SRW3.0/ufs-weather-model/tests/logs/log_hera/run_rap_control_dyn64_phy32_debug_gnu.log

NOTES:
A file 'test_changes.list' was generated with list of all failed tests.
You can use './rt.sh -c -b test_changes.list' to create baselines for the failed tests.
If you are using this log as a pull request verification, please commit 'test_changes.list'.

Result: FAILURE

====END OF HERA REGRESSION TESTING LOG====
